# JRE version: Java(TM) SE Runtime Environment (8.0_111-b14) (build 1.8.0_111-b14)
# Java VM: Java HotSpot(TM) 64-Bit Server VM (25.111-b14 mixed mode bsd-amd64 compressed oops)
Heap:
 PSYoungGen      total 49152K, used 38454K [0x0000000795580000, 0x000000079a880000, 0x00000007c0000000)
  eden space 44032K, 87% used [0x0000000795580000,0x0000000797b0d8a8,0x0000000798080000)
  from space 5120K, 0% used [0x0000000798080000,0x0000000798080000,0x0000000798580000)
  to   space 10752K, 0% used [0x0000000799e00000,0x0000000799e00000,0x000000079a880000)
 ParOldGen       total 103936K, used 18425K [0x0000000740000000, 0x0000000746580000, 0x0000000795580000)
  object space 103936K, 17% used [0x0000000740000000,0x00000007411fe598,0x0000000746580000)
 Metaspace       used 40585K, capacity 42286K, committed 42624K, reserved 1085440K
  class space    used 5596K, capacity 5915K, committed 6016K, reserved 1048576K
GC Heap History (10 events):
Event: 5.876 GC heap before
{Heap before GC invocations=3 (full 1):
 PSYoungGen      total 38400K, used 5088K [0x0000000795580000, 0x0000000798000000, 0x00000007c0000000)
  eden space 33280K, 0% used [0x0000000795580000,0x0000000795580000,0x0000000797600000)
  from space 5120K, 99% used [0x0000000797b00000,0x0000000797ff8040,0x0000000798000000)
  to   space 5120K, 0% used [0x0000000797600000,0x0000000797600000,0x0000000797b00000)
 ParOldGen       total 87552K, used 2996K [0x0000000740000000, 0x0000000745580000, 0x0000000795580000)
  object space 87552K, 3% used [0x0000000740000000,0x00000007402ed228,0x0000000745580000)
 Metaspace       used 19896K, capacity 21174K, committed 21296K, reserved 1067008K
  class space    used 2985K, capacity 3245K, committed 3328K, reserved 1048576K
Event: 5.938 GC heap after
Heap after GC invocations=3 (full 1):
 PSYoungGen      total 38400K, used 0K [0x0000000795580000, 0x0000000798000000, 0x00000007c0000000)
  eden space 33280K, 0% used [0x0000000795580000,0x0000000795580000,0x0000000797600000)
  from space 5120K, 0% used [0x0000000797b00000,0x0000000797b00000,0x0000000798000000)
  to   space 5120K, 0% used [0x0000000797600000,0x0000000797600000,0x0000000797b00000)
 ParOldGen       total 64512K, used 7780K [0x0000000740000000, 0x0000000743f00000, 0x0000000795580000)
  object space 64512K, 12% used [0x0000000740000000,0x0000000740799168,0x0000000743f00000)
 Metaspace       used 19896K, capacity 21174K, committed 21296K, reserved 1067008K
  class space    used 2985K, capacity 3245K, committed 3328K, reserved 1048576K
}
Event: 21.897 GC heap before
{Heap before GC invocations=4 (full 1):
 PSYoungGen      total 38400K, used 33280K [0x0000000795580000, 0x0000000798000000, 0x00000007c0000000)
  eden space 33280K, 100% used [0x0000000795580000,0x0000000797600000,0x0000000797600000)
  from space 5120K, 0% used [0x0000000797b00000,0x0000000797b00000,0x0000000798000000)
  to   space 5120K, 0% used [0x0000000797600000,0x0000000797600000,0x0000000797b00000)
 ParOldGen       total 64512K, used 7780K [0x0000000740000000, 0x0000000743f00000, 0x0000000795580000)
  object space 64512K, 12% used [0x0000000740000000,0x0000000740799168,0x0000000743f00000)
 Metaspace       used 26831K, capacity 28320K, committed 28672K, reserved 1073152K
  class space    used 3779K, capacity 4070K, committed 4096K, reserved 1048576K
Event: 21.905 GC heap after
Heap after GC invocations=4 (full 1):
 PSYoungGen      total 38400K, used 5088K [0x0000000795580000, 0x0000000798a80000, 0x00000007c0000000)
  eden space 33280K, 0% used [0x0000000795580000,0x0000000795580000,0x0000000797600000)
  from space 5120K, 99% used [0x0000000797600000,0x0000000797af8020,0x0000000797b00000)
  to   space 5120K, 0% used [0x0000000798580000,0x0000000798580000,0x0000000798a80000)
 ParOldGen       total 64512K, used 10382K [0x0000000740000000, 0x0000000743f00000, 0x0000000795580000)
  object space 64512K, 16% used [0x0000000740000000,0x0000000740a23ac8,0x0000000743f00000)
 Metaspace       used 26831K, capacity 28320K, committed 28672K, reserved 1073152K
  class space    used 3779K, capacity 4070K, committed 4096K, reserved 1048576K
}
Event: 22.386 GC heap before
{Heap before GC invocations=5 (full 1):
 PSYoungGen      total 38400K, used 38368K [0x0000000795580000, 0x0000000798a80000, 0x00000007c0000000)
  eden space 33280K, 100% used [0x0000000795580000,0x0000000797600000,0x0000000797600000)
  from space 5120K, 99% used [0x0000000797600000,0x0000000797af8020,0x0000000797b00000)
  to   space 5120K, 0% used [0x0000000798580000,0x0000000798580000,0x0000000798a80000)
 ParOldGen       total 64512K, used 10382K [0x0000000740000000, 0x0000000743f00000, 0x0000000795580000)
  object space 64512K, 16% used [0x0000000740000000,0x0000000740a23ac8,0x0000000743f00000)
 Metaspace       used 31119K, capacity 32684K, committed 32896K, reserved 1077248K
  class space    used 4391K, capacity 4712K, committed 4736K, reserved 1048576K
Event: 22.400 GC heap after
Heap after GC invocations=5 (full 1):
 PSYoungGen      total 49152K, used 5088K [0x0000000795580000, 0x0000000799080000, 0x00000007c0000000)
  eden space 44032K, 0% used [0x0000000795580000,0x0000000795580000,0x0000000798080000)
  from space 5120K, 99% used [0x0000000798580000,0x0000000798a78020,0x0000000798a80000)
  to   space 5120K, 0% used [0x0000000798080000,0x0000000798080000,0x0000000798580000)
 ParOldGen       total 64512K, used 15357K [0x0000000740000000, 0x0000000743f00000, 0x0000000795580000)
  object space 64512K, 23% used [0x0000000740000000,0x0000000740eff7c8,0x0000000743f00000)
 Metaspace       used 31119K, capacity 32684K, committed 32896K, reserved 1077248K
  class space    used 4391K, capacity 4712K, committed 4736K, reserved 1048576K
}
Event: 28.361 GC heap before
{Heap before GC invocations=6 (full 1):
 PSYoungGen      total 49152K, used 28405K [0x0000000795580000, 0x0000000799080000, 0x00000007c0000000)
  eden space 44032K, 52% used [0x0000000795580000,0x0000000796c45488,0x0000000798080000)
  from space 5120K, 99% used [0x0000000798580000,0x0000000798a78020,0x0000000798a80000)
  to   space 5120K, 0% used [0x0000000798080000,0x0000000798080000,0x0000000798580000)
 ParOldGen       total 64512K, used 15357K [0x0000000740000000, 0x0000000743f00000, 0x0000000795580000)
  object space 64512K, 23% used [0x0000000740000000,0x0000000740eff7c8,0x0000000743f00000)
 Metaspace       used 33746K, capacity 35320K, committed 35456K, reserved 1079296K
  class space    used 4673K, capacity 4982K, committed 4992K, reserved 1048576K
Event: 28.370 GC heap after
Heap after GC invocations=6 (full 1):
 PSYoungGen      total 49152K, used 5104K [0x0000000795580000, 0x000000079a880000, 0x00000007c0000000)
  eden space 44032K, 0% used [0x0000000795580000,0x0000000795580000,0x0000000798080000)
  from space 5120K, 99% used [0x0000000798080000,0x000000079857c030,0x0000000798580000)
  to   space 10752K, 0% used [0x0000000799e00000,0x0000000799e00000,0x000000079a880000)
 ParOldGen       total 64512K, used 17252K [0x0000000740000000, 0x0000000743f00000, 0x0000000795580000)
  object space 64512K, 26% used [0x0000000740000000,0x00000007410d9228,0x0000000743f00000)
 Metaspace       used 33746K, capacity 35320K, committed 35456K, reserved 1079296K
  class space    used 4673K, capacity 4982K, committed 4992K, reserved 1048576K
}
Event: 28.371 GC heap before
{Heap before GC invocations=7 (full 2):
 PSYoungGen      total 49152K, used 5104K [0x0000000795580000, 0x000000079a880000, 0x00000007c0000000)
  eden space 44032K, 0% used [0x0000000795580000,0x0000000795580000,0x0000000798080000)
  from space 5120K, 99% used [0x0000000798080000,0x000000079857c030,0x0000000798580000)
  to   space 10752K, 0% used [0x0000000799e00000,0x0000000799e00000,0x000000079a880000)
 ParOldGen       total 64512K, used 17252K [0x0000000740000000, 0x0000000743f00000, 0x0000000795580000)
  object space 64512K, 26% used [0x0000000740000000,0x00000007410d9228,0x0000000743f00000)
 Metaspace       used 33746K, capacity 35320K, committed 35456K, reserved 1079296K
  class space    used 4673K, capacity 4982K, committed 4992K, reserved 1048576K
Event: 28.489 GC heap after
Heap after GC invocations=7 (full 2):
 PSYoungGen      total 49152K, used 0K [0x0000000795580000, 0x000000079a880000, 0x00000007c0000000)
  eden space 44032K, 0% used [0x0000000795580000,0x0000000795580000,0x0000000798080000)
  from space 5120K, 0% used [0x0000000798080000,0x0000000798080000,0x0000000798580000)
  to   space 10752K, 0% used [0x0000000799e00000,0x0000000799e00000,0x000000079a880000)
 ParOldGen       total 103936K, used 18425K [0x0000000740000000, 0x0000000746580000, 0x0000000795580000)
  object space 103936K, 17% used [0x0000000740000000,0x00000007411fe598,0x0000000746580000)
 Metaspace       used 33746K, capacity 35320K, committed 35456K, reserved 1079296K
  class space    used 4673K, capacity 4982K, committed 4992K, reserved 1048576K
}

