# JRE version: Java(TM) SE Runtime Environment (8.0_20-b26) (build 1.8.0_20-b26)
# Java VM: Java HotSpot(TM) Client VM (25.20-b23 mixed mode, sharing windows-x86 )
Heap:
 def new generation   total 4928K, used 2672K [0x03e00000, 0x04350000, 0x09350000)
  eden space 4416K,  56% used [0x03e00000, 0x0406ebd8, 0x04250000)
  from space 512K,  35% used [0x04250000, 0x0427d638, 0x042d0000)
  to   space 512K,   0% used [0x042d0000, 0x042d0000, 0x04350000)
 tenured generation   total 10944K, used 7572K [0x09350000, 0x09e00000, 0x13e00000)
   the space 10944K,  69% used [0x09350000, 0x09ab5018, 0x09ab5200, 0x09e00000)
 Metaspace       used 8503K, capacity 9700K, committed 9728K, reserved 10624K
GC Heap History (10 events):
Event: 2986.303 GC heap before
{Heap before GC invocations=9 (full 0):
 def new generation   total 4928K, used 4928K [0x03e00000, 0x04350000, 0x09350000)
  eden space 4416K, 100% used [0x03e00000, 0x04250000, 0x04250000)
  from space 512K, 100% used [0x042d0000, 0x04350000, 0x04350000)
  to   space 512K,   0% used [0x04250000, 0x04250000, 0x042d0000)
 tenured generation   total 10944K, used 5020K [0x09350000, 0x09e00000, 0x13e00000)
   the space 10944K,  45% used [0x09350000, 0x098373c8, 0x09837400, 0x09e00000)
 Metaspace       used 8440K, capacity 9646K, committed 9728K, reserved 10624K
Event: 2986.308 GC heap after
Heap after GC invocations=10 (full 0):
 def new generation   total 4928K, used 212K [0x03e00000, 0x04350000, 0x09350000)
  eden space 4416K,   0% used [0x03e00000, 0x03e00000, 0x04250000)
  from space 512K,  41% used [0x04250000, 0x042853b8, 0x042d0000)
  to   space 512K,   0% used [0x042d0000, 0x042d0000, 0x04350000)
 tenured generation   total 10944K, used 7572K [0x09350000, 0x09e00000, 0x13e00000)
   the space 10944K,  69% used [0x09350000, 0x09ab5018, 0x09ab5200, 0x09e00000)
 Metaspace       used 8440K, capacity 9646K, committed 9728K, reserved 10624K
}
Event: 3050.770 GC heap before
{Heap before GC invocations=10 (full 0):
 def new generation   total 4928K, used 4628K [0x03e00000, 0x04350000, 0x09350000)
  eden space 4416K, 100% used [0x03e00000, 0x04250000, 0x04250000)
  from space 512K,  41% used [0x04250000, 0x042853b8, 0x042d0000)
  to   space 512K,   0% used [0x042d0000, 0x042d0000, 0x04350000)
 tenured generation   total 10944K, used 7572K [0x09350000, 0x09e00000, 0x13e00000)
   the space 10944K,  69% used [0x09350000, 0x09ab5018, 0x09ab5200, 0x09e00000)
 Metaspace       used 8494K, capacity 9683K, committed 9728K, reserved 10624K
Event: 3050.773 GC heap after
Heap after GC invocations=11 (full 0):
 def new generation   total 4928K, used 184K [0x03e00000, 0x04350000, 0x09350000)
  eden space 4416K,   0% used [0x03e00000, 0x03e00000, 0x04250000)
  from space 512K,  36% used [0x042d0000, 0x042fe1d8, 0x04350000)
  to   space 512K,   0% used [0x04250000, 0x04250000, 0x042d0000)
 tenured generation   total 10944K, used 7572K [0x09350000, 0x09e00000, 0x13e00000)
   the space 10944K,  69% used [0x09350000, 0x09ab5018, 0x09ab5200, 0x09e00000)
 Metaspace       used 8494K, capacity 9683K, committed 9728K, reserved 10624K
}
Event: 3120.576 GC heap before
{Heap before GC invocations=11 (full 0):
 def new generation   total 4928K, used 4600K [0x03e00000, 0x04350000, 0x09350000)
  eden space 4416K, 100% used [0x03e00000, 0x04250000, 0x04250000)
  from space 512K,  36% used [0x042d0000, 0x042fe1d8, 0x04350000)
  to   space 512K,   0% used [0x04250000, 0x04250000, 0x042d0000)
 tenured generation   total 10944K, used 7572K [0x09350000, 0x09e00000, 0x13e00000)
   the space 10944K,  69% used [0x09350000, 0x09ab5018, 0x09ab5200, 0x09e00000)
 Metaspace       used 8494K, capacity 9683K, committed 9728K, reserved 10624K
Event: 3120.579 GC heap after
Heap after GC invocations=12 (full 0):
 def new generation   total 4928K, used 181K [0x03e00000, 0x04350000, 0x09350000)
  eden space 4416K,   0% used [0x03e00000, 0x03e00000, 0x04250000)
  from space 512K,  35% used [0x04250000, 0x0427d6a8, 0x042d0000)
  to   space 512K,   0% used [0x042d0000, 0x042d0000, 0x04350000)
 tenured generation   total 10944K, used 7572K [0x09350000, 0x09e00000, 0x13e00000)
   the space 10944K,  69% used [0x09350000, 0x09ab5018, 0x09ab5200, 0x09e00000)
 Metaspace       used 8494K, capacity 9683K, committed 9728K, reserved 10624K
}
Event: 3191.247 GC heap before
{Heap before GC invocations=12 (full 0):
 def new generation   total 4928K, used 4597K [0x03e00000, 0x04350000, 0x09350000)
  eden space 4416K, 100% used [0x03e00000, 0x04250000, 0x04250000)
  from space 512K,  35% used [0x04250000, 0x0427d6a8, 0x042d0000)
  to   space 512K,   0% used [0x042d0000, 0x042d0000, 0x04350000)
 tenured generation   total 10944K, used 7572K [0x09350000, 0x09e00000, 0x13e00000)
   the space 10944K,  69% used [0x09350000, 0x09ab5018, 0x09ab5200, 0x09e00000)
 Metaspace       used 8494K, capacity 9683K, committed 9728K, reserved 10624K
Event: 3191.249 GC heap after
Heap after GC invocations=13 (full 0):
 def new generation   total 4928K, used 181K [0x03e00000, 0x04350000, 0x09350000)
  eden space 4416K,   0% used [0x03e00000, 0x03e00000, 0x04250000)
  from space 512K,  35% used [0x042d0000, 0x042fd508, 0x04350000)
  to   space 512K,   0% used [0x04250000, 0x04250000, 0x042d0000)
 tenured generation   total 10944K, used 7572K [0x09350000, 0x09e00000, 0x13e00000)
   the space 10944K,  69% used [0x09350000, 0x09ab5018, 0x09ab5200, 0x09e00000)
 Metaspace       used 8494K, capacity 9683K, committed 9728K, reserved 10624K
}
Event: 3261.757 GC heap before
{Heap before GC invocations=13 (full 0):
 def new generation   total 4928K, used 4597K [0x03e00000, 0x04350000, 0x09350000)
  eden space 4416K, 100% used [0x03e00000, 0x04250000, 0x04250000)
  from space 512K,  35% used [0x042d0000, 0x042fd508, 0x04350000)
  to   space 512K,   0% used [0x04250000, 0x04250000, 0x042d0000)
 tenured generation   total 10944K, used 7572K [0x09350000, 0x09e00000, 0x13e00000)
   the space 10944K,  69% used [0x09350000, 0x09ab5018, 0x09ab5200, 0x09e00000)
 Metaspace       used 8494K, capacity 9683K, committed 9728K, reserved 10624K
Event: 3261.759 GC heap after
Heap after GC invocations=14 (full 0):
 def new generation   total 4928K, used 181K [0x03e00000, 0x04350000, 0x09350000)
  eden space 4416K,   0% used [0x03e00000, 0x03e00000, 0x04250000)
  from space 512K,  35% used [0x04250000, 0x0427d638, 0x042d0000)
  to   space 512K,   0% used [0x042d0000, 0x042d0000, 0x04350000)
 tenured generation   total 10944K, used 7572K [0x09350000, 0x09e00000, 0x13e00000)
   the space 10944K,  69% used [0x09350000, 0x09ab5018, 0x09ab5200, 0x09e00000)
 Metaspace       used 8494K, capacity 9683K, committed 9728K, reserved 10624K
}

